#
# There is insufficient memory for the Java Runtime Environment to continue.
# Native memory allocation (malloc) failed to allocate 1152000 bytes. Error detail: AllocateHeap
# Possible reasons:
#   The system is out of physical RAM or swap space
#   This process is running with CompressedOops enabled, and the Java Heap may be blocking the growth of the native heap
# Possible solutions:
#   Reduce memory load on the system
#   Increase physical memory or swap space
#   Check if swap backing store is full
#   Decrease Java heap size (-Xmx/-Xms)
#   Decrease number of Java threads
#   Decrease Java thread stack sizes (-Xss)
#   Set larger code cache with -XX:ReservedCodeCacheSize=
#   JVM is running with Zero Based Compressed Oops mode in which the Java heap is
#     placed in the first 32GB address space. The Java Heap base address is the
#     maximum limit for the native heap growth. Please use -XX:HeapBaseMinAddress
#     to set the Java Heap base and to place the Java Heap above 32GB virtual address.
# This output file may be truncated or incomplete.
#
#  Out of Memory Error (allocation.cpp:44), pid=5536, tid=20928
#
# JRE version:  (21.0.7) (build )
# Java VM: OpenJDK 64-Bit Server VM (21.0.7+-13880790-b1038.58, mixed mode, tiered, compressed oops, compressed class ptrs, g1 gc, windows-amd64)
# No core dump will be written. Minidumps are not enabled by default on client versions of Windows
#

---------------  S U M M A R Y ------------

Command Line: -Dapplication.home=D:\Android studio\jbr --add-modules=ALL-DEFAULT -Xms8m -Djdk.module.main=jdk.jlink jdk.jlink/jdk.tools.jlink.internal.Main --version

Host: 12th Gen Intel(R) Core(TM) i5-12450HX, 12 cores, 11G,  Windows 11 , 64 bit Build 26100 (10.0.26100.6725)
Time: Fri Nov  7 00:03:53 2025 SE Asia Standard Time elapsed time: 0.021367 seconds (0d 0h 0m 0s)

---------------  T H R E A D  ---------------

Current thread (0x000002456bafbe10):  JavaThread "Unknown thread" [_thread_in_vm, id=20928, stack(0x000000f7b3500000,0x000000f7b3600000) (1024K)]

Stack: [0x000000f7b3500000,0x000000f7b3600000]
Native frames: (J=compiled Java code, j=interpreted, Vv=VM code, C=native code)
V  [jvm.dll+0x6d25c9]
V  [jvm.dll+0x860923]
V  [jvm.dll+0x862e7e]
V  [jvm.dll+0x863563]
V  [jvm.dll+0x27f156]
V  [jvm.dll+0xba7a7]
V  [jvm.dll+0x85e30d]
V  [jvm.dll+0x82850f]
V  [jvm.dll+0x3bcce8]
V  [jvm.dll+0x811628]
V  [jvm.dll+0x45121e]
V  [jvm.dll+0x452981]
C  [jli.dll+0x52ab]
C  [ucrtbase.dll+0x37b0]
C  [KERNEL32.DLL+0x2e8d7]
C  [ntdll.dll+0x8c53c]


---------------  P R O C E S S  ---------------

Threads class SMR info:
_java_thread_list=0x00007ffea3124888, length=0, elements={
}

Java Threads: ( => current thread )
Total: 0

Other Threads:
  0x000002456df7a550 WorkerThread "GC Thread#0"                     [id=16372, stack(0x000000f7b3600000,0x000000f7b3700000) (1024K)]
  0x000002456df870b0 ConcurrentGCThread "G1 Main Marker"            [id=29236, stack(0x000000f7b3700000,0x000000f7b3800000) (1024K)]
  0x000002456df87bb0 WorkerThread "G1 Conc#0"                       [id=22968, stack(0x000000f7b3800000,0x000000f7b3900000) (1024K)]
  0x000002456dfbe9e0 ConcurrentGCThread "G1 Refine#0"               [id=18992, stack(0x000000f7b3900000,0x000000f7b3a00000) (1024K)]
  0x000002456dfbfd60 ConcurrentGCThread "G1 Service"                [id=7184, stack(0x000000f7b3a00000,0x000000f7b3b00000) (1024K)]

=>0x000002456bafbe10 (exited) JavaThread "Unknown thread"    [_thread_in_vm, id=20928, stack(0x000000f7b3500000,0x000000f7b3600000) (1024K)]
Total: 6

Threads with active compile tasks:
Total: 0

VM state: not at safepoint (not fully initialized)

VM Mutex/Monitor currently owned by a thread: None

Heap address: 0x0000000744800000, size: 3000 MB, Compressed Oops mode: Zero based, Oop shift amount: 3

CDS archive(s) not mapped
Compressed class space mapped at: 0x0000000800000000-0x0000000840000000, reserved size: 1073741824
Narrow klass base: 0x0000000800000000, Narrow klass shift: 0, Narrow klass range: 0x40000000

GC Precious Log:
 CardTable entry size: 512
 Card Set container configuration: InlinePtr #cards 4 size 8 Array Of Cards #cards 16 size 48 Howl #buckets 8 coarsen threshold 3686 Howl Bitmap #cards 512 size 80 coarsen threshold 460 Card regions per heap region 1 cards per card region 4096
 CPUs: 12 total, 12 available
 Memory: 11995M
 Large Page Support: Disabled
 NUMA Support: Disabled
 Compressed Oops: Enabled (Zero based)
 Heap Region Size: 2M
 Heap Min Capacity: 8M
 Heap Initial Capacity: 8M
 Heap Max Capacity: 3000M
 Pre-touch: Disabled
 Parallel Workers: 10
 Concurrent Workers: 3
 Concurrent Refinement Workers: 10
 Periodic GC: Disabled

Heap:
 garbage-first heap   total 8192K, used 0K [0x0000000744800000, 0x0000000800000000)
  region size 2048K, 0 young (0K), 0 survivors (0K)
 Metaspace       used 0K, committed 0K, reserved 1048576K
  class space    used 0K, committed 0K, reserved 1048576K

Heap Regions: E=young(eden), S=young(survivor), O=old, HS=humongous(starts), HC=humongous(continues), CS=collection set, F=free, TAMS=top-at-mark-start, PB=parsable bottom
|   0|0x0000000744800000, 0x0000000744800000, 0x0000000744a00000|  0%| F|  |TAMS 0x0000000744800000| PB 0x0000000744800000| Untracked 
|   1|0x0000000744a00000, 0x0000000744a00000, 0x0000000744c00000|  0%| F|  |TAMS 0x0000000744a00000| PB 0x0000000744a00000| Untracked 
|   2|0x0000000744c00000, 0x0000000744c00000, 0x0000000744e00000|  0%| F|  |TAMS 0x0000000744c00000| PB 0x0000000744c00000| Untracked 
|   3|0x0000000744e00000, 0x0000000744e00000, 0x0000000745000000|  0%| F|  |TAMS 0x0000000744e00000| PB 0x0000000744e00000| Untracked 

Card table byte_map: [0x0000024571bc0000,0x00000245721a0000] _byte_map_base: 0x000002456e19c000

Marking Bits: (CMBitMap*) 0x000002456df7ac50
 Bits: [0x00000245721a0000, 0x0000024575080000)

GC Heap History (0 events):
No events

Dll operation events (1 events):
Event: 0.012 Loaded shared library D:\Android studio\jbr\bin\java.dll

Deoptimization events (0 events):
No events

Classes loaded (0 events):
No events

Classes unloaded (0 events):
No events

Classes redefined (0 events):
No events

Internal exceptions (0 events):
No events

ZGC Phase Switch (0 events):
No events

VM Operations (0 events):
No events

Memory protections (0 events):
No events

Nmethod flushes (0 events):
No events

Events (0 events):
No events


Dynamic libraries:
0x00007ff7b23f0000 - 0x00007ff7b23f8000 	D:\Android studio\jbr\bin\jlink.exe
0x00007fffb3740000 - 0x00007fffb39a8000 	C:\Windows\SYSTEM32\ntdll.dll
0x00007fffb2930000 - 0x00007fffb29f9000 	C:\Windows\System32\KERNEL32.DLL
0x00007fffb0cc0000 - 0x00007fffb10b2000 	C:\Windows\System32\KERNELBASE.dll
0x00007fffb09b0000 - 0x00007fffb0afb000 	C:\Windows\System32\ucrtbase.dll
0x00007fffa0180000 - 0x00007fffa0198000 	D:\Android studio\jbr\bin\jli.dll
0x00007fff74470000 - 0x00007fff7448b000 	D:\Android studio\jbr\bin\VCRUNTIME140.dll
0x00007fffb1510000 - 0x00007fffb16d5000 	C:\Windows\System32\USER32.dll
0x00007fff95ee0000 - 0x00007fff96173000 	C:\Windows\WinSxS\amd64_microsoft.windows.common-controls_6595b64144ccf1df_6.0.26100.6899_none_3e0efeeae32e88c1\COMCTL32.dll
0x00007fffb08d0000 - 0x00007fffb08f7000 	C:\Windows\System32\win32u.dll
0x00007fffb26d0000 - 0x00007fffb2779000 	C:\Windows\System32\msvcrt.dll
0x00007fffb2e10000 - 0x00007fffb2e3b000 	C:\Windows\System32\GDI32.dll
0x00007fffb0b90000 - 0x00007fffb0cbd000 	C:\Windows\System32\gdi32full.dll
0x00007fffb0900000 - 0x00007fffb09a3000 	C:\Windows\System32\msvcp_win.dll
0x00007fffb16e0000 - 0x00007fffb170f000 	C:\Windows\System32\IMM32.DLL
0x00007fff79010000 - 0x00007fff7901c000 	D:\Android studio\jbr\bin\vcruntime140_1.dll
0x00007fff64490000 - 0x00007fff6451d000 	D:\Android studio\jbr\bin\msvcp140.dll
0x00007ffea25e0000 - 0x00007ffea326e000 	D:\Android studio\jbr\bin\server\jvm.dll
0x00007fffb2290000 - 0x00007fffb2344000 	C:\Windows\System32\ADVAPI32.dll
0x00007fffb3320000 - 0x00007fffb33c6000 	C:\Windows\System32\sechost.dll
0x00007fffb25b0000 - 0x00007fffb26c8000 	C:\Windows\System32\RPCRT4.dll
0x00007fffb2350000 - 0x00007fffb23c4000 	C:\Windows\System32\WS2_32.dll
0x00007fffa4950000 - 0x00007fffa4985000 	C:\Windows\SYSTEM32\WINMM.dll
0x00007fffb02d0000 - 0x00007fffb032e000 	C:\Windows\SYSTEM32\POWRPROF.dll
0x00007fffaf210000 - 0x00007fffaf21b000 	C:\Windows\SYSTEM32\VERSION.dll
0x00007fffb01b0000 - 0x00007fffb01c4000 	C:\Windows\SYSTEM32\UMPDC.dll
0x00007fffaf6a0000 - 0x00007fffaf6bb000 	C:\Windows\SYSTEM32\kernel.appcore.dll
0x00007fff73f40000 - 0x00007fff73f4a000 	D:\Android studio\jbr\bin\jimage.dll
0x00007fffadde0000 - 0x00007fffae022000 	C:\Windows\SYSTEM32\DBGHELP.DLL
0x00007fffb2a00000 - 0x00007fffb2d7b000 	C:\Windows\System32\combase.dll
0x00007fffb18f0000 - 0x00007fffb19c7000 	C:\Windows\System32\OLEAUT32.dll
0x00007fff947e0000 - 0x00007fff9481c000 	C:\Windows\SYSTEM32\dbgcore.DLL
0x00007fffb1240000 - 0x00007fffb12d8000 	C:\Windows\System32\bcryptPrimitives.dll
0x00007fff73f20000 - 0x00007fff73f40000 	D:\Android studio\jbr\bin\java.dll

dbghelp: loaded successfully - version: 4.0.5 - missing functions: none
symbol engine: initialized successfully - sym options: 0x614 - pdb path: .;D:\Android studio\jbr\bin;C:\Windows\SYSTEM32;C:\Windows\WinSxS\amd64_microsoft.windows.common-controls_6595b64144ccf1df_6.0.26100.6899_none_3e0efeeae32e88c1;D:\Android studio\jbr\bin\server

VM Arguments:
jvm_args: -Dapplication.home=D:\Android studio\jbr --add-modules=ALL-DEFAULT -Xms8m -Djdk.module.main=jdk.jlink 
java_command: jdk.jlink/jdk.tools.jlink.internal.Main --version
java_class_path (initial): <not set>
Launcher Type: SUN_STANDARD

[Global flags]
     intx CICompilerCount                          = 4                                         {product} {ergonomic}
     uint ConcGCThreads                            = 3                                         {product} {ergonomic}
     uint G1ConcRefinementThreads                  = 10                                        {product} {ergonomic}
   size_t G1HeapRegionSize                         = 2097152                                   {product} {ergonomic}
    uintx GCDrainStackTargetSize                   = 64                                        {product} {ergonomic}
   size_t InitialHeapSize                          = 8388608                                   {product} {command line}
   size_t MarkStackSize                            = 4194304                                   {product} {ergonomic}
   size_t MaxHeapSize                              = 3145728000                                {product} {ergonomic}
   size_t MaxNewSize                               = 1887436800                                {product} {ergonomic}
   size_t MinHeapDeltaBytes                        = 2097152                                   {product} {ergonomic}
   size_t MinHeapSize                              = 8388608                                   {product} {command line}
    uintx NonNMethodCodeHeapSize                   = 5839372                                {pd product} {ergonomic}
    uintx NonProfiledCodeHeapSize                  = 122909434                              {pd product} {ergonomic}
    uintx ProfiledCodeHeapSize                     = 122909434                              {pd product} {ergonomic}
    uintx ReservedCodeCacheSize                    = 251658240                              {pd product} {ergonomic}
     bool SegmentedCodeCache                       = true                                      {product} {ergonomic}
   size_t SoftMaxHeapSize                          = 3145728000                             {manageable} {ergonomic}
     bool UseCompressedOops                        = true                           {product lp64_product} {ergonomic}
     bool UseG1GC                                  = true                                      {product} {ergonomic}
     bool UseLargePagesIndividualAllocation        = false                                  {pd product} {ergonomic}

Logging:
Log output configuration:
 #0: stdout all=warning uptime,level,tags foldmultilines=false
 #1: stderr all=off uptime,level,tags foldmultilines=false

Environment Variables:
JAVA_HOME=C:\Program Files\Microsoft\jdk-17.0.16.8-hotspot\
PATH=C:\Program Files\Microsoft\jdk-17.0.16.8-hotspot\bin;C:\Program Files (x86)\Common Files\Oracle\Java\java8path;C:\Program Files (x86)\Common Files\Oracle\Java\javapath;C:\Windows\system32;C:\Windows;C:\Windows\System32\Wbem;C:\Windows\System32\WindowsPowerShell\v1.0\;C:\Windows\System32\OpenSSH\;C:\Program Files (x86)\NVIDIA Corporation\PhysX\Common;C:\Program Files\NVIDIA Corporation\NVIDIA NvDLISR;C:\Program Files\dotnet\;C:\Program Files\Microsoft SQL Server\150\Tools\Binn\;C:\Program Files\Microsoft SQL Server\Client SDK\ODBC\170\Tools\Binn\;C:\Program Files (x86)\Microsoft SQL Server\160\Tools\Binn\;C:\Program Files\Microsoft SQL Server\160\Tools\Binn\;C:\Program Files\Microsoft SQL Server\160\DTS\Binn\;C:\Program Files (x86)\Microsoft SQL Server\160\DTS\Binn\;d:\cursor\resources\app\bin;C:\Program Files\nodejs\;C:\Program Files\Git\cmd;C:\Program Files\Docker\Docker\resources\bin;C:\Users\ngoct\AppData\Local\Programs\Python\Python37\Scripts\;C:\Users\ngoct\AppData\Local\Programs\Python\Python37\;C:\Users\ngoct\AppData\Local\Microsoft\WindowsApps;C:\Users\ngoct\AppData\Local\Programs\Microsoft VS Code\bin;C:\Users\ngoct\.dotnet\tools;D:\cursor\resources\app\bin;C:\Users\ngoct\AppData\Roaming\npm;C:\Users\ngoct\AppData\Local\GitHubDesktop\bin
USERNAME=Zun
OS=Windows_NT
PROCESSOR_IDENTIFIER=Intel64 Family 6 Model 151 Stepping 2, GenuineIntel
TMP=C:\Users\ngoct\AppData\Local\Temp
TEMP=C:\Users\ngoct\AppData\Local\Temp




Periodic native trim disabled

JNI global refs:
JNI global refs: 0, weak refs: 0

JNI global refs memory usage: 0, weak refs: 0

Process memory usage:
Resident Set Size: 13756K (0% of 12283768K total physical memory with 1201464K free physical memory)

OOME stack traces (most recent first):
Classloader memory used:

---------------  S Y S T E M  ---------------

OS:
 Windows 11 , 64 bit Build 26100 (10.0.26100.6725)
OS uptime: 0 days 23:19 hours
Hyper-V role detected

CPU: total 12 (initial active 12) (6 cores per cpu, 2 threads per core) family 6 model 151 stepping 2 microcode 0x37, cx8, cmov, fxsr, ht, mmx, 3dnowpref, sse, sse2, sse3, ssse3, sse4.1, sse4.2, popcnt, lzcnt, tsc, tscinvbit, avx, avx2, aes, erms, clmul, bmi1, bmi2, adx, sha, fma, vzeroupper, clflush, clflushopt, clwb, hv, serialize, rdtscp, rdpid, fsrm, f16c, cet_ibt, cet_ss
Processor Information for the first 12 processors :
  Max Mhz: 2400, Current Mhz: 2400, Mhz Limit: 2400

Memory: 4k page, system-wide physical 11995M (1173M free)
TotalPageFile size 28670M (AvailPageFile size 4M)
current process WorkingSet (physical memory assigned to process): 13M, peak: 13M
current process commit charge ("private bytes"): 73M, peak: 74M

vm_info: OpenJDK 64-Bit Server VM (21.0.7+-13880790-b1038.58) for windows-amd64 JRE (21.0.7+-13880790-b1038.58), built on 2025-08-04T20:56:21Z by "builder" with MS VC++ 16.10 / 16.11 (VS2019)

END.
